<?xml version="1.0" encoding="UTF-8"?>
<testng-results ignored="0" total="1" passed="1" failed="0" skipped="0">
  <reporter-output>
  </reporter-output>
  <suite started-at="2022-11-09T02:20:14 IST" name="Default suite" finished-at="2022-11-09T02:20:18 IST" duration-ms="3999">
    <groups>
    </groups>
    <test started-at="2022-11-09T02:20:14 IST" name="Default test" finished-at="2022-11-09T02:20:18 IST" duration-ms="3999">
      <class name="tests.QuerySolution">
        <test-method signature="Test_1()[pri:0, instance:tests.QuerySolution@2c1b194a]" started-at="2022-11-09T02:20:14 IST" name="Test_1" finished-at="2022-11-09T02:20:18 IST" duration-ms="3950" status="PASS">
          <reporter-output>
          </reporter-output>
        </test-method> <!-- Test_1 -->
      </class> <!-- tests.QuerySolution -->
    </test> <!-- Default test -->
  </suite> <!-- Default suite -->
</testng-results>
