<?xml version="1.0" encoding="UTF-8"?>
<testng-results ignored="0" total="2" passed="2" failed="0" skipped="0">
  <reporter-output>
  </reporter-output>
  <suite started-at="2022-11-09T16:27:55 IST" name="Default suite" finished-at="2022-11-09T16:27:59 IST" duration-ms="3820">
    <groups>
    </groups>
    <test started-at="2022-11-09T16:27:55 IST" name="Default test" finished-at="2022-11-09T16:27:59 IST" duration-ms="3820">
      <class name="tests.QuerySolution">
        <test-method signature="Test_1()[pri:0, instance:tests.QuerySolution@3e11f9e9]" started-at="2022-11-09T16:27:55 IST" name="Test_1" finished-at="2022-11-09T16:27:58 IST" duration-ms="3479" status="PASS">
          <reporter-output>
          </reporter-output>
        </test-method> <!-- Test_1 -->
        <test-method signature="Test_2()[pri:0, instance:tests.QuerySolution@3e11f9e9]" started-at="2022-11-09T16:27:58 IST" name="Test_2" finished-at="2022-11-09T16:27:59 IST" duration-ms="280" status="PASS">
          <reporter-output>
          </reporter-output>
        </test-method> <!-- Test_2 -->
      </class> <!-- tests.QuerySolution -->
    </test> <!-- Default test -->
  </suite> <!-- Default suite -->
</testng-results>
